# JRE version: OpenJDK Runtime Environment Temurin-21.0.6+7 (21.0.6+7) (build 21.0.6+7-LTS)
# Java VM: OpenJDK 64-Bit Server VM Temurin-21.0.6+7 (21.0.6+7-LTS, mixed mode, sharing, tiered, compressed oops, compressed class ptrs, parallel gc, windows-amd64)
GC Precious Log:
 CardTable entry size: 512
 CPUs: 16 total, 16 available
 Memory: 16176M
 Large Page Support: Disabled
 NUMA Support: Disabled
 Compressed Oops: Enabled (32-bit)
 Alignments: Space 512K, Generation 512K, Heap 2M
 Heap Min Capacity: 100M
 Heap Initial Capacity: 100M
 Heap Max Capacity: 1G
 Pre-touch: Disabled
 Parallel Workers: 13
Heap:
 PSYoungGen      total 10240K, used 10208K [0x00000000eab00000, 0x00000000eb680000, 0x0000000100000000)
  eden space 9728K, 100% used [0x00000000eab00000,0x00000000eb480000,0x00000000eb480000)
  from space 512K, 93% used [0x00000000eb580000,0x00000000eb5f8010,0x00000000eb600000)
  to   space 1024K, 0% used [0x00000000eb480000,0x00000000eb480000,0x00000000eb580000)
 ParOldGen       total 72704K, used 72592K [0x00000000c0000000, 0x00000000c4700000, 0x00000000eab00000)
  object space 72704K, 99% used [0x00000000c0000000,0x00000000c46e4238,0x00000000c4700000)
 Metaspace       used 65288K, committed 66752K, reserved 1114112K
  class space    used 6633K, committed 7296K, reserved 1048576K
GC Heap History (20 events):
Event: 23.346 GC heap before
{Heap before GC invocations=75 (full 3):
 PSYoungGen      total 10752K, used 10272K [0x00000000eab00000, 0x00000000eb680000, 0x0000000100000000)
  eden space 9728K, 100% used [0x00000000eab00000,0x00000000eb480000,0x00000000eb480000)
  from space 1024K, 53% used [0x00000000eb500000,0x00000000eb588000,0x00000000eb600000)
  to   space 512K, 0% used [0x00000000eb600000,0x00000000eb600000,0x00000000eb680000)
 ParOldGen       total 70144K, used 69770K [0x00000000c0000000, 0x00000000c4480000, 0x00000000eab00000)
  object space 70144K, 99% used [0x00000000c0000000,0x00000000c4422848,0x00000000c4480000)
 Metaspace       used 65137K, committed 66624K, reserved 1114112K
  class space    used 6616K, committed 7296K, reserved 1048576K
}
Event: 23.348 GC heap after
{Heap after GC invocations=75 (full 3):
 PSYoungGen      total 10240K, used 512K [0x00000000eab00000, 0x00000000eb680000, 0x0000000100000000)
  eden space 9728K, 0% used [0x00000000eab00000,0x00000000eab00000,0x00000000eb480000)
  from space 512K, 100% used [0x00000000eb600000,0x00000000eb680000,0x00000000eb680000)
  to   space 1024K, 0% used [0x00000000eb480000,0x00000000eb480000,0x00000000eb580000)
 ParOldGen       total 70144K, used 69938K [0x00000000c0000000, 0x00000000c4480000, 0x00000000eab00000)
  object space 70144K, 99% used [0x00000000c0000000,0x00000000c444c848,0x00000000c4480000)
 Metaspace       used 65137K, committed 66624K, reserved 1114112K
  class space    used 6616K, committed 7296K, reserved 1048576K
}
Event: 23.366 GC heap before
{Heap before GC invocations=76 (full 3):
 PSYoungGen      total 10240K, used 10240K [0x00000000eab00000, 0x00000000eb680000, 0x0000000100000000)
  eden space 9728K, 100% used [0x00000000eab00000,0x00000000eb480000,0x00000000eb480000)
  from space 512K, 100% used [0x00000000eb600000,0x00000000eb680000,0x00000000eb680000)
  to   space 1024K, 0% used [0x00000000eb480000,0x00000000eb480000,0x00000000eb580000)
 ParOldGen       total 70144K, used 69938K [0x00000000c0000000, 0x00000000c4480000, 0x00000000eab00000)
  object space 70144K, 99% used [0x00000000c0000000,0x00000000c444c848,0x00000000c4480000)
 Metaspace       used 65153K, committed 66624K, reserved 1114112K
  class space    used 6617K, committed 7296K, reserved 1048576K
}
Event: 23.367 GC heap after
{Heap after GC invocations=76 (full 3):
 PSYoungGen      total 10752K, used 576K [0x00000000eab00000, 0x00000000eb680000, 0x0000000100000000)
  eden space 9728K, 0% used [0x00000000eab00000,0x00000000eab00000,0x00000000eb480000)
  from space 1024K, 56% used [0x00000000eb480000,0x00000000eb510000,0x00000000eb580000)
  to   space 1024K, 0% used [0x00000000eb580000,0x00000000eb580000,0x00000000eb680000)
 ParOldGen       total 70656K, used 70194K [0x00000000c0000000, 0x00000000c4500000, 0x00000000eab00000)
  object space 70656K, 99% used [0x00000000c0000000,0x00000000c448c858,0x00000000c4500000)
 Metaspace       used 65153K, committed 66624K, reserved 1114112K
  class space    used 6617K, committed 7296K, reserved 1048576K
}
Event: 23.378 GC heap before
{Heap before GC invocations=77 (full 3):
 PSYoungGen      total 10752K, used 10304K [0x00000000eab00000, 0x00000000eb680000, 0x0000000100000000)
  eden space 9728K, 100% used [0x00000000eab00000,0x00000000eb480000,0x00000000eb480000)
  from space 1024K, 56% used [0x00000000eb480000,0x00000000eb510000,0x00000000eb580000)
  to   space 1024K, 0% used [0x00000000eb580000,0x00000000eb580000,0x00000000eb680000)
 ParOldGen       total 70656K, used 70194K [0x00000000c0000000, 0x00000000c4500000, 0x00000000eab00000)
  object space 70656K, 99% used [0x00000000c0000000,0x00000000c448c858,0x00000000c4500000)
 Metaspace       used 65157K, committed 66624K, reserved 1114112K
  class space    used 6617K, committed 7296K, reserved 1048576K
}
Event: 23.379 GC heap after
{Heap after GC invocations=77 (full 3):
 PSYoungGen      total 10752K, used 593K [0x00000000eab00000, 0x00000000eb680000, 0x0000000100000000)
  eden space 9728K, 0% used [0x00000000eab00000,0x00000000eab00000,0x00000000eb480000)
  from space 1024K, 57% used [0x00000000eb580000,0x00000000eb614400,0x00000000eb680000)
  to   space 1024K, 0% used [0x00000000eb480000,0x00000000eb480000,0x00000000eb580000)
 ParOldGen       total 70656K, used 70514K [0x00000000c0000000, 0x00000000c4500000, 0x00000000eab00000)
  object space 70656K, 99% used [0x00000000c0000000,0x00000000c44dc858,0x00000000c4500000)
 Metaspace       used 65157K, committed 66624K, reserved 1114112K
  class space    used 6617K, committed 7296K, reserved 1048576K
}
Event: 23.385 GC heap before
{Heap before GC invocations=78 (full 3):
 PSYoungGen      total 10752K, used 10321K [0x00000000eab00000, 0x00000000eb680000, 0x0000000100000000)
  eden space 9728K, 100% used [0x00000000eab00000,0x00000000eb480000,0x00000000eb480000)
  from space 1024K, 57% used [0x00000000eb580000,0x00000000eb614400,0x00000000eb680000)
  to   space 1024K, 0% used [0x00000000eb480000,0x00000000eb480000,0x00000000eb580000)
 ParOldGen       total 70656K, used 70514K [0x00000000c0000000, 0x00000000c4500000, 0x00000000eab00000)
  object space 70656K, 99% used [0x00000000c0000000,0x00000000c44dc858,0x00000000c4500000)
 Metaspace       used 65160K, committed 66624K, reserved 1114112K
  class space    used 6617K, committed 7296K, reserved 1048576K
}
Event: 23.386 GC heap after
{Heap after GC invocations=78 (full 3):
 PSYoungGen      total 10752K, used 544K [0x00000000eab00000, 0x00000000eb680000, 0x0000000100000000)
  eden space 9728K, 0% used [0x00000000eab00000,0x00000000eab00000,0x00000000eb480000)
  from space 1024K, 53% used [0x00000000eb480000,0x00000000eb508000,0x00000000eb580000)
  to   space 1024K, 0% used [0x00000000eb580000,0x00000000eb580000,0x00000000eb680000)
 ParOldGen       total 71168K, used 70911K [0x00000000c0000000, 0x00000000c4580000, 0x00000000eab00000)
  object space 71168K, 99% used [0x00000000c0000000,0x00000000c453ff38,0x00000000c4580000)
 Metaspace       used 65160K, committed 66624K, reserved 1114112K
  class space    used 6617K, committed 7296K, reserved 1048576K
}
Event: 23.393 GC heap before
{Heap before GC invocations=79 (full 3):
 PSYoungGen      total 10752K, used 10272K [0x00000000eab00000, 0x00000000eb680000, 0x0000000100000000)
  eden space 9728K, 100% used [0x00000000eab00000,0x00000000eb480000,0x00000000eb480000)
  from space 1024K, 53% used [0x00000000eb480000,0x00000000eb508000,0x00000000eb580000)
  to   space 1024K, 0% used [0x00000000eb580000,0x00000000eb580000,0x00000000eb680000)
 ParOldGen       total 71168K, used 70911K [0x00000000c0000000, 0x00000000c4580000, 0x00000000eab00000)
  object space 71168K, 99% used [0x00000000c0000000,0x00000000c453ff38,0x00000000c4580000)
 Metaspace       used 65173K, committed 66624K, reserved 1114112K
  class space    used 6618K, committed 7296K, reserved 1048576K
}
Event: 23.395 GC heap after
{Heap after GC invocations=79 (full 3):
 PSYoungGen      total 10240K, used 448K [0x00000000eab00000, 0x00000000eb600000, 0x0000000100000000)
  eden space 9728K, 0% used [0x00000000eab00000,0x00000000eab00000,0x00000000eb480000)
  from space 512K, 87% used [0x00000000eb580000,0x00000000eb5f0000,0x00000000eb600000)
  to   space 512K, 0% used [0x00000000eb500000,0x00000000eb500000,0x00000000eb580000)
 ParOldGen       total 71680K, used 71192K [0x00000000c0000000, 0x00000000c4600000, 0x00000000eab00000)
  object space 71680K, 99% used [0x00000000c0000000,0x00000000c4586228,0x00000000c4600000)
 Metaspace       used 65173K, committed 66624K, reserved 1114112K
  class space    used 6618K, committed 7296K, reserved 1048576K
}
Event: 23.405 GC heap before
{Heap before GC invocations=80 (full 3):
 PSYoungGen      total 10240K, used 10176K [0x00000000eab00000, 0x00000000eb600000, 0x0000000100000000)
  eden space 9728K, 100% used [0x00000000eab00000,0x00000000eb480000,0x00000000eb480000)
  from space 512K, 87% used [0x00000000eb580000,0x00000000eb5f0000,0x00000000eb600000)
  to   space 512K, 0% used [0x00000000eb500000,0x00000000eb500000,0x00000000eb580000)
 ParOldGen       total 71680K, used 71192K [0x00000000c0000000, 0x00000000c4600000, 0x00000000eab00000)
  object space 71680K, 99% used [0x00000000c0000000,0x00000000c4586228,0x00000000c4600000)
 Metaspace       used 65193K, committed 66688K, reserved 1114112K
  class space    used 6620K, committed 7296K, reserved 1048576K
}
Event: 23.406 GC heap after
{Heap after GC invocations=80 (full 3):
 PSYoungGen      total 10240K, used 464K [0x00000000eab00000, 0x00000000eb600000, 0x0000000100000000)
  eden space 9728K, 0% used [0x00000000eab00000,0x00000000eab00000,0x00000000eb480000)
  from space 512K, 90% used [0x00000000eb500000,0x00000000eb574010,0x00000000eb580000)
  to   space 512K, 0% used [0x00000000eb580000,0x00000000eb580000,0x00000000eb600000)
 ParOldGen       total 71680K, used 71504K [0x00000000c0000000, 0x00000000c4600000, 0x00000000eab00000)
  object space 71680K, 99% used [0x00000000c0000000,0x00000000c45d4238,0x00000000c4600000)
 Metaspace       used 65193K, committed 66688K, reserved 1114112K
  class space    used 6620K, committed 7296K, reserved 1048576K
}
Event: 23.414 GC heap before
{Heap before GC invocations=81 (full 3):
 PSYoungGen      total 10240K, used 10192K [0x00000000eab00000, 0x00000000eb600000, 0x0000000100000000)
  eden space 9728K, 100% used [0x00000000eab00000,0x00000000eb480000,0x00000000eb480000)
  from space 512K, 90% used [0x00000000eb500000,0x00000000eb574010,0x00000000eb580000)
  to   space 512K, 0% used [0x00000000eb580000,0x00000000eb580000,0x00000000eb600000)
 ParOldGen       total 71680K, used 71504K [0x00000000c0000000, 0x00000000c4600000, 0x00000000eab00000)
  object space 71680K, 99% used [0x00000000c0000000,0x00000000c45d4238,0x00000000c4600000)
 Metaspace       used 65205K, committed 66688K, reserved 1114112K
  class space    used 6622K, committed 7296K, reserved 1048576K
}
Event: 23.415 GC heap after
{Heap after GC invocations=81 (full 3):
 PSYoungGen      total 10240K, used 448K [0x00000000eab00000, 0x00000000eb600000, 0x0000000100000000)
  eden space 9728K, 0% used [0x00000000eab00000,0x00000000eab00000,0x00000000eb480000)
  from space 512K, 87% used [0x00000000eb580000,0x00000000eb5f0000,0x00000000eb600000)
  to   space 512K, 0% used [0x00000000eb500000,0x00000000eb500000,0x00000000eb580000)
 ParOldGen       total 72192K, used 71760K [0x00000000c0000000, 0x00000000c4680000, 0x00000000eab00000)
  object space 72192K, 99% used [0x00000000c0000000,0x00000000c4614238,0x00000000c4680000)
 Metaspace       used 65205K, committed 66688K, reserved 1114112K
  class space    used 6622K, committed 7296K, reserved 1048576K
}
Event: 23.423 GC heap before
{Heap before GC invocations=82 (full 3):
 PSYoungGen      total 10240K, used 10125K [0x00000000eab00000, 0x00000000eb600000, 0x0000000100000000)
  eden space 9728K, 99% used [0x00000000eab00000,0x00000000eb4735e0,0x00000000eb480000)
  from space 512K, 87% used [0x00000000eb580000,0x00000000eb5f0000,0x00000000eb600000)
  to   space 512K, 0% used [0x00000000eb500000,0x00000000eb500000,0x00000000eb580000)
 ParOldGen       total 72192K, used 71760K [0x00000000c0000000, 0x00000000c4680000, 0x00000000eab00000)
  object space 72192K, 99% used [0x00000000c0000000,0x00000000c4614238,0x00000000c4680000)
 Metaspace       used 65222K, committed 66688K, reserved 1114112K
  class space    used 6626K, committed 7296K, reserved 1048576K
}
Event: 23.424 GC heap after
{Heap after GC invocations=82 (full 3):
 PSYoungGen      total 10240K, used 448K [0x00000000eab00000, 0x00000000eb600000, 0x0000000100000000)
  eden space 9728K, 0% used [0x00000000eab00000,0x00000000eab00000,0x00000000eb480000)
  from space 512K, 87% used [0x00000000eb500000,0x00000000eb570000,0x00000000eb580000)
  to   space 512K, 0% used [0x00000000eb580000,0x00000000eb580000,0x00000000eb600000)
 ParOldGen       total 72192K, used 72016K [0x00000000c0000000, 0x00000000c4680000, 0x00000000eab00000)
  object space 72192K, 99% used [0x00000000c0000000,0x00000000c4654238,0x00000000c4680000)
 Metaspace       used 65222K, committed 66688K, reserved 1114112K
  class space    used 6626K, committed 7296K, reserved 1048576K
}
Event: 23.431 GC heap before
{Heap before GC invocations=83 (full 3):
 PSYoungGen      total 10240K, used 10176K [0x00000000eab00000, 0x00000000eb600000, 0x0000000100000000)
  eden space 9728K, 100% used [0x00000000eab00000,0x00000000eb480000,0x00000000eb480000)
  from space 512K, 87% used [0x00000000eb500000,0x00000000eb570000,0x00000000eb580000)
  to   space 512K, 0% used [0x00000000eb580000,0x00000000eb580000,0x00000000eb600000)
 ParOldGen       total 72192K, used 72016K [0x00000000c0000000, 0x00000000c4680000, 0x00000000eab00000)
  object space 72192K, 99% used [0x00000000c0000000,0x00000000c4654238,0x00000000c4680000)
 Metaspace       used 65235K, committed 66688K, reserved 1114112K
  class space    used 6629K, committed 7296K, reserved 1048576K
}
Event: 23.432 GC heap after
{Heap after GC invocations=83 (full 3):
 PSYoungGen      total 10240K, used 448K [0x00000000eab00000, 0x00000000eb600000, 0x0000000100000000)
  eden space 9728K, 0% used [0x00000000eab00000,0x00000000eab00000,0x00000000eb480000)
  from space 512K, 87% used [0x00000000eb580000,0x00000000eb5f0000,0x00000000eb600000)
  to   space 512K, 0% used [0x00000000eb500000,0x00000000eb500000,0x00000000eb580000)
 ParOldGen       total 72704K, used 72264K [0x00000000c0000000, 0x00000000c4700000, 0x00000000eab00000)
  object space 72704K, 99% used [0x00000000c0000000,0x00000000c4692238,0x00000000c4700000)
 Metaspace       used 65235K, committed 66688K, reserved 1114112K
  class space    used 6629K, committed 7296K, reserved 1048576K
}
Event: 23.440 GC heap before
{Heap before GC invocations=84 (full 3):
 PSYoungGen      total 10240K, used 10176K [0x00000000eab00000, 0x00000000eb600000, 0x0000000100000000)
  eden space 9728K, 100% used [0x00000000eab00000,0x00000000eb480000,0x00000000eb480000)
  from space 512K, 87% used [0x00000000eb580000,0x00000000eb5f0000,0x00000000eb600000)
  to   space 512K, 0% used [0x00000000eb500000,0x00000000eb500000,0x00000000eb580000)
 ParOldGen       total 72704K, used 72264K [0x00000000c0000000, 0x00000000c4700000, 0x00000000eab00000)
  object space 72704K, 99% used [0x00000000c0000000,0x00000000c4692238,0x00000000c4700000)
 Metaspace       used 65262K, committed 66688K, reserved 1114112K
  class space    used 6630K, committed 7296K, reserved 1048576K
}
Event: 23.441 GC heap after
{Heap after GC invocations=84 (full 3):
 PSYoungGen      total 10240K, used 384K [0x00000000eab00000, 0x00000000eb600000, 0x0000000100000000)
  eden space 9728K, 0% used [0x00000000eab00000,0x00000000eab00000,0x00000000eb480000)
  from space 512K, 75% used [0x00000000eb500000,0x00000000eb560000,0x00000000eb580000)
  to   space 512K, 0% used [0x00000000eb580000,0x00000000eb580000,0x00000000eb600000)
 ParOldGen       total 72704K, used 72440K [0x00000000c0000000, 0x00000000c4700000, 0x00000000eab00000)
  object space 72704K, 99% used [0x00000000c0000000,0x00000000c46be238,0x00000000c4700000)
 Metaspace       used 65262K, committed 66688K, reserved 1114112K
  class space    used 6630K, committed 7296K, reserved 1048576K
}

