# JRE version: Java(TM) SE Runtime Environment (21.0+35) (build 21+35-LTS-2513)
# Java VM: Java HotSpot(TM) 64-Bit Server VM (21+35-LTS-2513, mixed mode, emulated-client, sharing, tiered, compressed oops, compressed class ptrs, g1 gc, windows-amd64)
GC Precious Log:
 CardTable entry size: 512
 Card Set container configuration: InlinePtr #cards 4 size 8 Array Of Cards #cards 16 size 48 Howl #buckets 8 coarsen threshold 3686 Howl Bitmap #cards 512 size 80 coarsen threshold 460 Card regions per heap region 1 cards per card region 4096
 CPUs: 16 total, 16 available
 Memory: 16176M
 Large Page Support: Disabled
 NUMA Support: Disabled
 Compressed Oops: Enabled (Zero based)
 Heap Region Size: 2M
 Heap Min Capacity: 8M
 Heap Initial Capacity: 254M
 Heap Max Capacity: 4046M
 Pre-touch: Disabled
 Parallel Workers: 13
 Concurrent Workers: 3
 Concurrent Refinement Workers: 13
 Periodic GC: Disabled
Heap:
 garbage-first heap   total 147456K, used 66872K [0x0000000703200000, 0x0000000800000000)
  region size 2048K, 1 young (2048K), 1 survivors (2048K)
 Metaspace       used 80396K, committed 81216K, reserved 1179648K
  class space    used 11391K, committed 11712K, reserved 1048576K
GC Heap History (20 events):
Event: 3.999 GC heap after
{Heap after GC invocations=20 (full 0):
 garbage-first heap   total 102400K, used 37803K [0x0000000703200000, 0x0000000800000000)
  region size 2048K, 3 young (6144K), 3 survivors (6144K)
 Metaspace       used 63920K, committed 64640K, reserved 1114112K
  class space    used 8959K, committed 9280K, reserved 1048576K
}
Event: 6.875 GC heap before
{Heap before GC invocations=20 (full 0):
 garbage-first heap   total 102400K, used 89003K [0x0000000703200000, 0x0000000800000000)
  region size 2048K, 28 young (57344K), 3 survivors (6144K)
 Metaspace       used 68136K, committed 68928K, reserved 1114112K
  class space    used 9568K, committed 9920K, reserved 1048576K
}
Event: 6.885 GC heap after
{Heap after GC invocations=21 (full 0):
 garbage-first heap   total 102400K, used 43392K [0x0000000703200000, 0x0000000800000000)
  region size 2048K, 4 young (8192K), 4 survivors (8192K)
 Metaspace       used 68136K, committed 68928K, reserved 1114112K
  class space    used 9568K, committed 9920K, reserved 1048576K
}
Event: 7.248 GC heap before
{Heap before GC invocations=22 (full 0):
 garbage-first heap   total 102400K, used 84352K [0x0000000703200000, 0x0000000800000000)
  region size 2048K, 25 young (51200K), 4 survivors (8192K)
 Metaspace       used 73962K, committed 74688K, reserved 1114112K
  class space    used 10588K, committed 10880K, reserved 1048576K
}
Event: 7.258 GC heap after
{Heap after GC invocations=23 (full 0):
 garbage-first heap   total 122880K, used 48704K [0x0000000703200000, 0x0000000800000000)
  region size 2048K, 2 young (4096K), 2 survivors (4096K)
 Metaspace       used 73962K, committed 74688K, reserved 1114112K
  class space    used 10588K, committed 10880K, reserved 1048576K
}
Event: 7.532 GC heap before
{Heap before GC invocations=23 (full 0):
 garbage-first heap   total 122880K, used 106048K [0x0000000703200000, 0x0000000800000000)
  region size 2048K, 31 young (63488K), 2 survivors (4096K)
 Metaspace       used 76943K, committed 77696K, reserved 1179648K
  class space    used 10999K, committed 11328K, reserved 1048576K
}
Event: 7.535 GC heap after
{Heap after GC invocations=24 (full 0):
 garbage-first heap   total 122880K, used 52148K [0x0000000703200000, 0x0000000800000000)
  region size 2048K, 4 young (8192K), 4 survivors (8192K)
 Metaspace       used 76943K, committed 77696K, reserved 1179648K
  class space    used 10999K, committed 11328K, reserved 1048576K
}
Event: 7.803 GC heap before
{Heap before GC invocations=24 (full 0):
 garbage-first heap   total 122880K, used 107444K [0x0000000703200000, 0x0000000800000000)
  region size 2048K, 31 young (63488K), 4 survivors (8192K)
 Metaspace       used 77708K, committed 78464K, reserved 1179648K
  class space    used 11065K, committed 11392K, reserved 1048576K
}
Event: 7.807 GC heap after
{Heap after GC invocations=25 (full 0):
 garbage-first heap   total 122880K, used 56356K [0x0000000703200000, 0x0000000800000000)
  region size 2048K, 4 young (8192K), 4 survivors (8192K)
 Metaspace       used 77708K, committed 78464K, reserved 1179648K
  class space    used 11065K, committed 11392K, reserved 1048576K
}
Event: 8.214 GC heap before
{Heap before GC invocations=26 (full 0):
 garbage-first heap   total 122880K, used 107556K [0x0000000703200000, 0x0000000800000000)
  region size 2048K, 29 young (59392K), 4 survivors (8192K)
 Metaspace       used 78797K, committed 79552K, reserved 1179648K
  class space    used 11198K, committed 11520K, reserved 1048576K
}
Event: 8.220 GC heap after
{Heap after GC invocations=27 (full 0):
 garbage-first heap   total 122880K, used 60404K [0x0000000703200000, 0x0000000800000000)
  region size 2048K, 3 young (6144K), 3 survivors (6144K)
 Metaspace       used 78797K, committed 79552K, reserved 1179648K
  class space    used 11198K, committed 11520K, reserved 1048576K
}
Event: 8.640 GC heap before
{Heap before GC invocations=27 (full 0):
 garbage-first heap   total 122880K, used 107508K [0x0000000703200000, 0x0000000800000000)
  region size 2048K, 26 young (53248K), 3 survivors (6144K)
 Metaspace       used 80392K, committed 81216K, reserved 1179648K
  class space    used 11391K, committed 11712K, reserved 1048576K
}
Event: 9.663 GC heap after
{Heap after GC invocations=28 (full 0):
 garbage-first heap   total 147456K, used 63861K [0x0000000703200000, 0x0000000800000000)
  region size 2048K, 3 young (6144K), 3 survivors (6144K)
 Metaspace       used 80392K, committed 81216K, reserved 1179648K
  class space    used 11391K, committed 11712K, reserved 1048576K
}
Event: 9.666 GC heap before
{Heap before GC invocations=28 (full 0):
 garbage-first heap   total 147456K, used 65909K [0x0000000703200000, 0x0000000800000000)
  region size 2048K, 4 young (8192K), 3 survivors (6144K)
 Metaspace       used 80393K, committed 81216K, reserved 1179648K
  class space    used 11391K, committed 11712K, reserved 1048576K
}
Event: 9.669 GC heap after
{Heap after GC invocations=29 (full 0):
 garbage-first heap   total 147456K, used 64783K [0x0000000703200000, 0x0000000800000000)
  region size 2048K, 1 young (2048K), 1 survivors (2048K)
 Metaspace       used 80393K, committed 81216K, reserved 1179648K
  class space    used 11391K, committed 11712K, reserved 1048576K
}
Event: 9.677 GC heap before
{Heap before GC invocations=29 (full 0):
 garbage-first heap   total 147456K, used 68879K [0x0000000703200000, 0x0000000800000000)
  region size 2048K, 3 young (6144K), 1 survivors (2048K)
 Metaspace       used 80396K, committed 81216K, reserved 1179648K
  class space    used 11391K, committed 11712K, reserved 1048576K
}
Event: 9.679 GC heap after
{Heap after GC invocations=30 (full 0):
 garbage-first heap   total 147456K, used 65167K [0x0000000703200000, 0x0000000800000000)
  region size 2048K, 1 young (2048K), 1 survivors (2048K)
 Metaspace       used 80396K, committed 81216K, reserved 1179648K
  class space    used 11391K, committed 11712K, reserved 1048576K
}
Event: 9.689 GC heap before
{Heap before GC invocations=30 (full 0):
 garbage-first heap   total 147456K, used 69263K [0x0000000703200000, 0x0000000800000000)
  region size 2048K, 3 young (6144K), 1 survivors (2048K)
 Metaspace       used 80396K, committed 81216K, reserved 1179648K
  class space    used 11391K, committed 11712K, reserved 1048576K
}
Event: 9.692 GC heap after
{Heap after GC invocations=31 (full 0):
 garbage-first heap   total 147456K, used 66415K [0x0000000703200000, 0x0000000800000000)
  region size 2048K, 1 young (2048K), 1 survivors (2048K)
 Metaspace       used 80396K, committed 81216K, reserved 1179648K
  class space    used 11391K, committed 11712K, reserved 1048576K
}
Event: 9.702 GC heap before
{Heap before GC invocations=31 (full 0):
 garbage-first heap   total 147456K, used 70511K [0x0000000703200000, 0x0000000800000000)
  region size 2048K, 3 young (6144K), 1 survivors (2048K)
 Metaspace       used 80396K, committed 81216K, reserved 1179648K
  class space    used 11391K, committed 11712K, reserved 1048576K
}

